<?xml version="1.0" encoding="UTF-8"?>
<!-- Generated by org.testng.reporters.JUnitReportReporter -->
<testsuite hostname="DESKTOP-L64NMRD" failures="0" tests="1" name="test.Test_6_Purchase" time="25.775" errors="0" timestamp="2022-02-24T19:05:52 CST" skipped="0">
  <testcase classname="test.Test_6_Purchase" name="BuyProductTest" time="25.775"/>
  <system-out/>
</testsuite> <!-- test.Test_6_Purchase -->
