<?xml version="1.0" encoding="UTF-8"?>
<!-- Generated by org.testng.reporters.JUnitReportReporter -->
<testsuite hostname="DESKTOP-L64NMRD" failures="0" tests="1" name="test.Test_3_Mandatory_Fields" time="11.952" errors="0" timestamp="2022-02-23T13:33:52 CST" skipped="0">
  <testcase classname="test.Test_3_Mandatory_Fields" name="MandatoryFieldsTest" time="11.952"/>
  <system-out/>
</testsuite> <!-- test.Test_3_Mandatory_Fields -->
