<?xml version="1.0" encoding="UTF-8"?>
<!-- Generated by org.testng.reporters.JUnitReportReporter -->
<testsuite hostname="DESKTOP-L64NMRD" failures="0" tests="1" name="test.Test_5_Search_Item" time="11.589" errors="0" timestamp="2022-02-24T19:06:34 CST" skipped="0">
  <testcase classname="test.Test_5_Search_Item" name="SearchItemTest" time="11.589"/>
  <system-out/>
</testsuite> <!-- test.Test_5_Search_Item -->
