<?xml version="1.0" encoding="UTF-8"?>
<!-- Generated by org.testng.reporters.JUnitReportReporter -->
<testsuite hostname="DESKTOP-L64NMRD" failures="0" tests="1" name="test.Test_4_Incorrect_Data" time="18.168" errors="0" timestamp="2022-02-23T14:25:54 CST" skipped="0">
  <testcase classname="test.Test_4_Incorrect_Data" name="IncorrectDataTest" time="18.168"/>
  <system-out/>
</testsuite> <!-- test.Test_4_Incorrect_Data -->
