<?xml version="1.0" encoding="UTF-8"?>
<!-- Generated by org.testng.reporters.JUnitReportReporter -->
<testsuite hostname="DESKTOP-L64NMRD" failures="0" tests="1" name="test.Test_8_Increase_Quantity" time="47.623" errors="0" timestamp="2022-02-25T16:13:33 CST" skipped="0">
  <testcase classname="test.Test_8_Increase_Quantity" name="IncreaseQntyTest" time="47.623"/>
  <system-out/>
</testsuite> <!-- test.Test_8_Increase_Quantity -->
