<?xml version="1.0" encoding="UTF-8"?>
<!-- Generated by org.testng.reporters.JUnitReportReporter -->
<testsuite hostname="DESKTOP-L64NMRD" failures="0" tests="1" name="test.Test_2_Invalid_Email" time="7.254" errors="0" timestamp="2022-02-23T13:03:15 CST" skipped="0">
  <testcase classname="test.Test_2_Invalid_Email" name="InvalidEmailTest" time="7.254"/>
  <system-out/>
</testsuite> <!-- test.Test_2_Invalid_Email -->
