<?xml version="1.0" encoding="UTF-8"?>
<!-- Generated by org.testng.reporters.JUnitReportReporter -->
<testsuite hostname="DESKTOP-L64NMRD" failures="0" tests="1" name="test.Test_1_User_Registration" time="17.225" errors="0" timestamp="2022-02-23T12:07:46 CST" skipped="0">
  <testcase classname="test.Test_1_User_Registration" name="UserRegistrationTest" time="17.225"/>
  <system-out/>
</testsuite> <!-- test.Test_1_User_Registration -->
