<?xml version="1.0" encoding="UTF-8"?>
<!-- Generated by org.testng.reporters.JUnitReportReporter -->
<testsuite hostname="DESKTOP-L64NMRD" failures="0" tests="1" name="test.Test_7_Wishlist_Account" time="7.879" errors="0" timestamp="2022-02-25T14:20:36 CST" skipped="0">
  <testcase classname="test.Test_7_Wishlist_Account" name="WishlistTest" time="7.879"/>
  <system-out/>
</testsuite> <!-- test.Test_7_Wishlist_Account -->
